cl : command line warning D9035: option 'Gm' has been deprecated and will be removed in a future release
  main.c
C:\Users\bjshu\Desktop\ECEFall2020\compvis\Grad\CompVis Grad Project\main.c(20,8): warning C4101: 'hDC': unreferenced local variable
C:\Users\bjshu\Desktop\ECEFall2020\compvis\Grad\CompVis Grad Project\main.c(219,58): warning C4244: 'function': conversion from 'double' to 'int', possible loss of data
C:\Users\bjshu\Desktop\ECEFall2020\compvis\Grad\CompVis Grad Project\main.c(232,59): warning C4244: 'function': conversion from 'double' to 'int', possible loss of data
C:\Users\bjshu\Desktop\ECEFall2020\compvis\Grad\CompVis Grad Project\main.c(247,29): warning C4113: 'void (__cdecl *)()' differs in parameter lists from '_beginthread_proc_type'
C:\Users\bjshu\Desktop\ECEFall2020\compvis\Grad\CompVis Grad Project\main.c(281,32): warning C4113: 'void (__cdecl *)()' differs in parameter lists from '_beginthread_proc_type'
C:\Users\bjshu\Desktop\ECEFall2020\compvis\Grad\CompVis Grad Project\main.c(283,31): warning C4113: 'void (__cdecl *)()' differs in parameter lists from '_beginthread_proc_type'
C:\Users\bjshu\Desktop\ECEFall2020\compvis\Grad\CompVis Grad Project\main.c(316,30): warning C4113: 'void (__cdecl *)()' differs in parameter lists from '_beginthread_proc_type'
C:\Users\bjshu\Desktop\ECEFall2020\compvis\Grad\CompVis Grad Project\main.c(341,13): warning C4553: '==': result of expression not used; did you intend '='?
C:\Users\bjshu\Desktop\ECEFall2020\compvis\Grad\CompVis Grad Project\main.c(89,19): warning C4101: 'colorDlg': unreferenced local variable
C:\Users\bjshu\Desktop\ECEFall2020\compvis\Grad\CompVis Grad Project\main.c(89,10): warning C4101: 'predDlg': unreferenced local variable
C:\Users\bjshu\Desktop\ECEFall2020\compvis\Grad\CompVis Grad Project\main.c(331,9): warning C4101: 'tmp': unreferenced local variable
C:\Users\bjshu\Desktop\ECEFall2020\compvis\Grad\CompVis Grad Project\main.c(372,9): warning C4101: 'c': unreferenced local variable
C:\Users\bjshu\Desktop\ECEFall2020\compvis\Grad\CompVis Grad Project\main.c(371,9): warning C4101: 'r': unreferenced local variable
C:\Users\bjshu\Desktop\ECEFall2020\compvis\Grad\CompVis Grad Project\main.c(389,9): warning C4101: 'c': unreferenced local variable
C:\Users\bjshu\Desktop\ECEFall2020\compvis\Grad\CompVis Grad Project\main.c(388,9): warning C4101: 'r': unreferenced local variable
C:\Users\bjshu\Desktop\ECEFall2020\compvis\Grad\CompVis Grad Project\main.c(766,15): warning C4305: '=': truncation from 'double' to 'float'
C:\Users\bjshu\Desktop\ECEFall2020\compvis\Grad\CompVis Grad Project\main.c(826,88): warning C4244: '=': conversion from 'double' to 'float', possible loss of data
C:\Users\bjshu\Desktop\ECEFall2020\compvis\Grad\CompVis Grad Project\main.c(827,88): warning C4244: '=': conversion from 'double' to 'float', possible loss of data
C:\Users\bjshu\Desktop\ECEFall2020\compvis\Grad\CompVis Grad Project\main.c(831,88): warning C4244: '=': conversion from 'double' to 'float', possible loss of data
C:\Users\bjshu\Desktop\ECEFall2020\compvis\Grad\CompVis Grad Project\main.c(834,88): warning C4244: '=': conversion from 'double' to 'float', possible loss of data
C:\Users\bjshu\Desktop\ECEFall2020\compvis\Grad\CompVis Grad Project\main.c(842,154): warning C4244: '=': conversion from 'double' to 'unsigned char', possible loss of data
C:\Users\bjshu\Desktop\ECEFall2020\compvis\Grad\CompVis Grad Project\main.c(869,118): warning C4244: '+=': conversion from 'double' to 'float', possible loss of data
C:\Users\bjshu\Desktop\ECEFall2020\compvis\Grad\CompVis Grad Project\main.c(899,174): warning C4244: '=': conversion from 'double' to 'float', possible loss of data
C:\Users\bjshu\Desktop\ECEFall2020\compvis\Grad\CompVis Grad Project\main.c(901,118): warning C4244: '=': conversion from 'double' to 'float', possible loss of data
C:\Users\bjshu\Desktop\ECEFall2020\compvis\Grad\CompVis Grad Project\main.c(902,118): warning C4244: '=': conversion from 'double' to 'float', possible loss of data
C:\Users\bjshu\Desktop\ECEFall2020\compvis\Grad\CompVis Grad Project\main.c(906,118): warning C4244: '=': conversion from 'double' to 'float', possible loss of data
C:\Users\bjshu\Desktop\ECEFall2020\compvis\Grad\CompVis Grad Project\main.c(909,118): warning C4244: '=': conversion from 'double' to 'float', possible loss of data
C:\Users\bjshu\Desktop\ECEFall2020\compvis\Grad\CompVis Grad Project\main.c(912,147): warning C4244: '=': conversion from 'double' to 'float', possible loss of data
C:\Users\bjshu\Desktop\ECEFall2020\compvis\Grad\CompVis Grad Project\main.c(914,100): warning C4244: '=': conversion from 'double' to 'float', possible loss of data
C:\Users\bjshu\Desktop\ECEFall2020\compvis\Grad\CompVis Grad Project\main.c(915,100): warning C4244: '=': conversion from 'double' to 'float', possible loss of data
C:\Users\bjshu\Desktop\ECEFall2020\compvis\Grad\CompVis Grad Project\main.c(919,100): warning C4244: '=': conversion from 'double' to 'float', possible loss of data
C:\Users\bjshu\Desktop\ECEFall2020\compvis\Grad\CompVis Grad Project\main.c(922,100): warning C4244: '=': conversion from 'double' to 'float', possible loss of data
C:\Users\bjshu\Desktop\ECEFall2020\compvis\Grad\CompVis Grad Project\main.c(939,143): warning C4244: '=': conversion from 'double' to 'float', possible loss of data
C:\Users\bjshu\Desktop\ECEFall2020\compvis\Grad\CompVis Grad Project\main.c(952,19): warning C4305: '/=': truncation from 'double' to 'float'
C:\Users\bjshu\Desktop\ECEFall2020\compvis\Grad\CompVis Grad Project\main.c(953,19): warning C4305: '*=': truncation from 'double' to 'float'
C:\Users\bjshu\Desktop\ECEFall2020\compvis\Grad\CompVis Grad Project\main.c(718,36): warning C4101: 'temp2': unreferenced local variable
C:\Users\bjshu\Desktop\ECEFall2020\compvis\Grad\CompVis Grad Project\main.c(716,11): warning C4101: 'header': unreferenced local variable
C:\Users\bjshu\Desktop\ECEFall2020\compvis\Grad\CompVis Grad Project\main.c(715,51): warning C4101: 'finalContour': unreferenced local variable
C:\Users\bjshu\Desktop\ECEFall2020\compvis\Grad\CompVis Grad Project\main.c(718,29): warning C4101: 'temp1': unreferenced local variable
C:\Users\bjshu\Desktop\ECEFall2020\compvis\Grad\CompVis Grad Project\main.c(1171,88): warning C4244: '=': conversion from 'double' to 'float', possible loss of data
C:\Users\bjshu\Desktop\ECEFall2020\compvis\Grad\CompVis Grad Project\main.c(1172,88): warning C4244: '=': conversion from 'double' to 'float', possible loss of data
C:\Users\bjshu\Desktop\ECEFall2020\compvis\Grad\CompVis Grad Project\main.c(1176,88): warning C4244: '=': conversion from 'double' to 'float', possible loss of data
C:\Users\bjshu\Desktop\ECEFall2020\compvis\Grad\CompVis Grad Project\main.c(1179,88): warning C4244: '=': conversion from 'double' to 'float', possible loss of data
C:\Users\bjshu\Desktop\ECEFall2020\compvis\Grad\CompVis Grad Project\main.c(1187,162): warning C4244: '=': conversion from 'double' to 'unsigned char', possible loss of data
C:\Users\bjshu\Desktop\ECEFall2020\compvis\Grad\CompVis Grad Project\main.c(1219,118): warning C4244: '+=': conversion from 'double' to 'float', possible loss of data
C:\Users\bjshu\Desktop\ECEFall2020\compvis\Grad\CompVis Grad Project\main.c(1267,86): warning C4244: '=': conversion from 'double' to 'float', possible loss of data
C:\Users\bjshu\Desktop\ECEFall2020\compvis\Grad\CompVis Grad Project\main.c(1273,50): warning C4244: '=': conversion from 'double' to 'float', possible loss of data
C:\Users\bjshu\Desktop\ECEFall2020\compvis\Grad\CompVis Grad Project\main.c(1343,186): warning C4244: '=': conversion from 'double' to 'float', possible loss of data
C:\Users\bjshu\Desktop\ECEFall2020\compvis\Grad\CompVis Grad Project\main.c(1345,135): warning C4244: '=': conversion from 'double' to 'float', possible loss of data
C:\Users\bjshu\Desktop\ECEFall2020\compvis\Grad\CompVis Grad Project\main.c(1346,135): warning C4244: '=': conversion from 'double' to 'float', possible loss of data
C:\Users\bjshu\Desktop\ECEFall2020\compvis\Grad\CompVis Grad Project\main.c(1350,135): warning C4244: '=': conversion from 'double' to 'float', possible loss of data
C:\Users\bjshu\Desktop\ECEFall2020\compvis\Grad\CompVis Grad Project\main.c(1353,135): warning C4244: '=': conversion from 'double' to 'float', possible loss of data
C:\Users\bjshu\Desktop\ECEFall2020\compvis\Grad\CompVis Grad Project\main.c(1385,143): warning C4244: '=': conversion from 'double' to 'float', possible loss of data
C:\Users\bjshu\Desktop\ECEFall2020\compvis\Grad\CompVis Grad Project\main.c(1051,36): warning C4101: 'temp2': unreferenced local variable
C:\Users\bjshu\Desktop\ECEFall2020\compvis\Grad\CompVis Grad Project\main.c(1049,11): warning C4101: 'header': unreferenced local variable
C:\Users\bjshu\Desktop\ECEFall2020\compvis\Grad\CompVis Grad Project\main.c(1052,166): warning C4101: 'min_val3': unreferenced local variable
C:\Users\bjshu\Desktop\ECEFall2020\compvis\Grad\CompVis Grad Project\main.c(1048,55): warning C4101: 'finalContour': unreferenced local variable
C:\Users\bjshu\Desktop\ECEFall2020\compvis\Grad\CompVis Grad Project\main.c(1046,8): warning C4101: 'fpt': unreferenced local variable
C:\Users\bjshu\Desktop\ECEFall2020\compvis\Grad\CompVis Grad Project\main.c(1052,176): warning C4101: 'max_val3': unreferenced local variable
C:\Users\bjshu\Desktop\ECEFall2020\compvis\Grad\CompVis Grad Project\main.c(1051,29): warning C4101: 'temp1': unreferenced local variable
  plus.vcxproj -> C:\Users\bjshu\Desktop\ECEFall2020\compvis\Grad\CompVis Grad Project\.\Debug\plus.exe
